# JRE version: OpenJDK Runtime Environment (11.0.11+9) (build 11.0.11+9-b60-7590822)
# Java VM: OpenJDK 64-Bit Server VM (11.0.11+9-b60-7590822, mixed mode, tiered, compressed oops, g1 gc, windows-amd64)
Heap:
 garbage-first heap   total 131072K, used 28202K [0x0000000080000000, 0x0000000100000000)
  region size 1024K, 13 young (13312K), 2 survivors (2048K)
 Metaspace       used 22110K, capacity 22693K, committed 22908K, reserved 1069056K
  class space    used 2779K, capacity 2978K, committed 3072K, reserved 1048576K
GC Heap History (20 events):
Event: 3.458 GC heap before
{Heap before GC invocations=4 (full 0):
 garbage-first heap   total 131072K, used 14998K [0x0000000080000000, 0x0000000100000000)
  region size 1024K, 6 young (6144K), 1 survivors (1024K)
 Metaspace       used 10499K, capacity 10789K, committed 11008K, reserved 1058816K
  class space    used 1092K, capacity 1171K, committed 1280K, reserved 1048576K
}
Event: 3.459 GC heap after
{Heap after GC invocations=5 (full 0):
 garbage-first heap   total 131072K, used 9960K [0x0000000080000000, 0x0000000100000000)
  region size 1024K, 1 young (1024K), 1 survivors (1024K)
 Metaspace       used 10499K, capacity 10789K, committed 11008K, reserved 1058816K
  class space    used 1092K, capacity 1171K, committed 1280K, reserved 1048576K
}
Event: 3.658 GC heap before
{Heap before GC invocations=5 (full 0):
 garbage-first heap   total 131072K, used 15080K [0x0000000080000000, 0x0000000100000000)
  region size 1024K, 6 young (6144K), 1 survivors (1024K)
 Metaspace       used 11193K, capacity 11456K, committed 11520K, reserved 1058816K
  class space    used 1178K, capacity 1244K, committed 1280K, reserved 1048576K
}
Event: 3.659 GC heap after
{Heap after GC invocations=6 (full 0):
 garbage-first heap   total 131072K, used 10122K [0x0000000080000000, 0x0000000100000000)
  region size 1024K, 1 young (1024K), 1 survivors (1024K)
 Metaspace       used 11193K, capacity 11456K, committed 11520K, reserved 1058816K
  class space    used 1178K, capacity 1244K, committed 1280K, reserved 1048576K
}
Event: 4.011 GC heap before
{Heap before GC invocations=6 (full 0):
 garbage-first heap   total 131072K, used 16266K [0x0000000080000000, 0x0000000100000000)
  region size 1024K, 7 young (7168K), 1 survivors (1024K)
 Metaspace       used 11224K, capacity 11456K, committed 11520K, reserved 1058816K
  class space    used 1178K, capacity 1244K, committed 1280K, reserved 1048576K
}
Event: 4.013 GC heap after
{Heap after GC invocations=7 (full 0):
 garbage-first heap   total 131072K, used 10187K [0x0000000080000000, 0x0000000100000000)
  region size 1024K, 1 young (1024K), 1 survivors (1024K)
 Metaspace       used 11224K, capacity 11456K, committed 11520K, reserved 1058816K
  class space    used 1178K, capacity 1244K, committed 1280K, reserved 1048576K
}
Event: 4.975 GC heap before
{Heap before GC invocations=7 (full 0):
 garbage-first heap   total 131072K, used 17355K [0x0000000080000000, 0x0000000100000000)
  region size 1024K, 8 young (8192K), 1 survivors (1024K)
 Metaspace       used 11246K, capacity 11520K, committed 11776K, reserved 1060864K
  class space    used 1178K, capacity 1244K, committed 1280K, reserved 1048576K
}
Event: 4.976 GC heap after
{Heap after GC invocations=8 (full 0):
 garbage-first heap   total 131072K, used 10364K [0x0000000080000000, 0x0000000100000000)
  region size 1024K, 1 young (1024K), 1 survivors (1024K)
 Metaspace       used 11246K, capacity 11520K, committed 11776K, reserved 1060864K
  class space    used 1178K, capacity 1244K, committed 1280K, reserved 1048576K
}
Event: 5.626 GC heap before
{Heap before GC invocations=8 (full 0):
 garbage-first heap   total 131072K, used 18556K [0x0000000080000000, 0x0000000100000000)
  region size 1024K, 10 young (10240K), 1 survivors (1024K)
 Metaspace       used 11281K, capacity 11520K, committed 11776K, reserved 1060864K
  class space    used 1179K, capacity 1244K, committed 1280K, reserved 1048576K
}
Event: 5.627 GC heap after
{Heap after GC invocations=9 (full 0):
 garbage-first heap   total 131072K, used 10559K [0x0000000080000000, 0x0000000100000000)
  region size 1024K, 1 young (1024K), 1 survivors (1024K)
 Metaspace       used 11281K, capacity 11520K, committed 11776K, reserved 1060864K
  class space    used 1179K, capacity 1244K, committed 1280K, reserved 1048576K
}
Event: 7.289 GC heap before
{Heap before GC invocations=9 (full 0):
 garbage-first heap   total 131072K, used 22847K [0x0000000080000000, 0x0000000100000000)
  region size 1024K, 13 young (13312K), 1 survivors (1024K)
 Metaspace       used 11348K, capacity 11616K, committed 11776K, reserved 1060864K
  class space    used 1182K, capacity 1276K, committed 1280K, reserved 1048576K
}
Event: 7.292 GC heap after
{Heap after GC invocations=10 (full 0):
 garbage-first heap   total 131072K, used 14389K [0x0000000080000000, 0x0000000100000000)
  region size 1024K, 2 young (2048K), 2 survivors (2048K)
 Metaspace       used 11348K, capacity 11616K, committed 11776K, reserved 1060864K
  class space    used 1182K, capacity 1276K, committed 1280K, reserved 1048576K
}
Event: 7.996 GC heap before
{Heap before GC invocations=10 (full 0):
 garbage-first heap   total 131072K, used 27701K [0x0000000080000000, 0x0000000100000000)
  region size 1024K, 15 young (15360K), 2 survivors (2048K)
 Metaspace       used 11737K, capacity 12120K, committed 12160K, reserved 1060864K
  class space    used 1279K, capacity 1380K, committed 1408K, reserved 1048576K
}
Event: 7.999 GC heap after
{Heap after GC invocations=11 (full 0):
 garbage-first heap   total 131072K, used 14968K [0x0000000080000000, 0x0000000100000000)
  region size 1024K, 1 young (1024K), 1 survivors (1024K)
 Metaspace       used 11737K, capacity 12120K, committed 12160K, reserved 1060864K
  class space    used 1279K, capacity 1380K, committed 1408K, reserved 1048576K
}
Event: 9.942 GC heap before
{Heap before GC invocations=11 (full 0):
 garbage-first heap   total 131072K, used 30328K [0x0000000080000000, 0x0000000100000000)
  region size 1024K, 16 young (16384K), 1 survivors (1024K)
 Metaspace       used 16806K, capacity 17242K, committed 17536K, reserved 1064960K
  class space    used 1940K, capacity 2068K, committed 2176K, reserved 1048576K
}
Event: 9.947 GC heap after
{Heap after GC invocations=12 (full 0):
 garbage-first heap   total 131072K, used 16486K [0x0000000080000000, 0x0000000100000000)
  region size 1024K, 2 young (2048K), 2 survivors (2048K)
 Metaspace       used 16806K, capacity 17242K, committed 17536K, reserved 1064960K
  class space    used 1940K, capacity 2068K, committed 2176K, reserved 1048576K
}
Event: 10.739 GC heap before
{Heap before GC invocations=12 (full 0):
 garbage-first heap   total 131072K, used 32870K [0x0000000080000000, 0x0000000100000000)
  region size 1024K, 19 young (19456K), 2 survivors (2048K)
 Metaspace       used 18834K, capacity 19303K, committed 19328K, reserved 1067008K
  class space    used 2266K, capacity 2418K, committed 2432K, reserved 1048576K
}
Event: 10.743 GC heap after
{Heap after GC invocations=13 (full 0):
 garbage-first heap   total 131072K, used 17289K [0x0000000080000000, 0x0000000100000000)
  region size 1024K, 3 young (3072K), 3 survivors (3072K)
 Metaspace       used 18834K, capacity 19303K, committed 19328K, reserved 1067008K
  class space    used 2266K, capacity 2418K, committed 2432K, reserved 1048576K
}
Event: 11.466 GC heap before
{Heap before GC invocations=13 (full 0):
 garbage-first heap   total 131072K, used 33673K [0x0000000080000000, 0x0000000100000000)
  region size 1024K, 20 young (20480K), 3 survivors (3072K)
 Metaspace       used 20717K, capacity 21180K, committed 21296K, reserved 1069056K
  class space    used 2537K, capacity 2660K, committed 2688K, reserved 1048576K
}
Event: 11.471 GC heap after
{Heap after GC invocations=14 (full 0):
 garbage-first heap   total 131072K, used 17962K [0x0000000080000000, 0x0000000100000000)
  region size 1024K, 2 young (2048K), 2 survivors (2048K)
 Metaspace       used 20717K, capacity 21180K, committed 21296K, reserved 1069056K
  class space    used 2537K, capacity 2660K, committed 2688K, reserved 1048576K
}

